<?xml version="1.0" encoding="UTF-8"?>
<!-- Generated by org.testng.reporters.JUnitXMLReporter -->
<testsuite ignored="0" hostname="DESKTOP-FE2IBD3" failures="0" tests="4" name="Command line test" time="0.142" errors="0" timestamp="2020-05-18T16:10:35 IST">
  <testcase classname="qaclickacademy.AppiumTest" name="apiTest" time="0.014"/>
  <testcase classname="qaclickacademy.AppiumTest" name="apiTest2" time="0.001"/>
  <testcase classname="qaclickacademy.SeleniumTest" name="apiTest" time="0.002"/>
  <testcase classname="qaclickacademy.SeleniumTest" name="apiTest2" time="0.002"/>
</testsuite> <!-- Command line test -->
