<?xml version="1.0" encoding="UTF-8"?>
<testng-results ignored="0" total="4" passed="4" failed="0" skipped="0">
  <reporter-output>
  </reporter-output>
  <suite started-at="2020-05-18T16:10:34 IST" name="Command line suite" finished-at="2020-05-18T16:10:34 IST" duration-ms="142">
    <groups>
    </groups>
    <test started-at="2020-05-18T16:10:34 IST" name="Command line test" finished-at="2020-05-18T16:10:34 IST" duration-ms="142">
      <class name="qaclickacademy.AppiumTest">
        <test-method signature="apiTest()[pri:0, instance:qaclickacademy.AppiumTest@6366ebe0]" started-at="2020-05-18T16:10:34 IST" name="apiTest" finished-at="2020-05-18T16:10:34 IST" duration-ms="14" status="PASS">
          <reporter-output>
          </reporter-output>
        </test-method> <!-- apiTest -->
        <test-method signature="apiTest2()[pri:0, instance:qaclickacademy.AppiumTest@6366ebe0]" started-at="2020-05-18T16:10:34 IST" name="apiTest2" finished-at="2020-05-18T16:10:34 IST" duration-ms="1" status="PASS">
          <reporter-output>
          </reporter-output>
        </test-method> <!-- apiTest2 -->
      </class> <!-- qaclickacademy.AppiumTest -->
      <class name="qaclickacademy.SeleniumTest">
        <test-method signature="apiTest()[pri:0, instance:qaclickacademy.SeleniumTest@44f75083]" started-at="2020-05-18T16:10:34 IST" name="apiTest" finished-at="2020-05-18T16:10:34 IST" duration-ms="2" status="PASS">
          <reporter-output>
          </reporter-output>
        </test-method> <!-- apiTest -->
        <test-method signature="apiTest2()[pri:0, instance:qaclickacademy.SeleniumTest@44f75083]" started-at="2020-05-18T16:10:34 IST" name="apiTest2" finished-at="2020-05-18T16:10:34 IST" duration-ms="2" status="PASS">
          <reporter-output>
          </reporter-output>
        </test-method> <!-- apiTest2 -->
      </class> <!-- qaclickacademy.SeleniumTest -->
    </test> <!-- Command line test -->
  </suite> <!-- Command line suite -->
</testng-results>
